<?xml version="1.0" encoding="UTF-8"?>
<!-- Generated by org.testng.reporters.JUnitXMLReporter -->
<testsuite ignored="0" hostname="FFE-Shon-Antony-FFE252" failures="0" tests="3" name="Default test" time="5.244" errors="0" timestamp="2025-03-18T18:01:14 IST">
  <testcase classname="methods.LogMultipleTestsIntoOneFile" name="test1" time="3.335"/>
  <testcase classname="methods.LogMultipleTestsIntoOneFile" name="test2" time="0.509"/>
  <testcase classname="methods.LogMultipleTestsIntoOneFile" name="test3" time="0.461"/>
</testsuite> <!-- Default test -->
