<?xml version="1.0" encoding="UTF-8"?>
<testng-results ignored="0" total="1" passed="1" failed="0" skipped="0">
  <reporter-output>
  </reporter-output>
  <suite started-at="2025-03-26T13:02:40 IST" name="Default suite" finished-at="2025-03-26T13:02:43 IST" duration-ms="3213">
    <groups>
    </groups>
    <test started-at="2025-03-26T13:02:40 IST" name="Default test" finished-at="2025-03-26T13:02:43 IST" duration-ms="3213">
      <class name="methods.Response_header">
        <test-method signature="headerTest()[pri:0, instance:methods.Response_header@342c38f8]" started-at="2025-03-26T13:02:40 IST" name="headerTest" finished-at="2025-03-26T13:02:43 IST" duration-ms="3143" status="PASS">
          <reporter-output>
          </reporter-output>
        </test-method> <!-- headerTest -->
      </class> <!-- methods.Response_header -->
    </test> <!-- Default test -->
  </suite> <!-- Default suite -->
</testng-results>
